  Lab3.3A.cpp
C:\Users\rosty\source\repos\Lab3.3A\Lab3.3A\Lab3.3A.cpp(33,16): error C2371: z: переопределение; различные базовые типы
C:\Users\rosty\source\repos\Lab3.3A\Lab3.3A\Lab3.3A.cpp(28): message : см. объявление "z"
  Oper.cpp
C:\Users\rosty\source\repos\Lab3.3A\Lab3.3A\Oper.cpp(11,6): error C2385: неоднозначный уровень доступа "setA"
C:\Users\rosty\source\repos\Lab3.3A\Lab3.3A\Oper.cpp(11,6): message : может быть "setA" в базе "Rational"
C:\Users\rosty\source\repos\Lab3.3A\Lab3.3A\Oper.cpp(11,6): message : или может быть "setA" в базе "RationalCl"
C:\Users\rosty\source\repos\Lab3.3A\Lab3.3A\Oper.cpp(12,6): error C2385: неоднозначный уровень доступа "setB"
C:\Users\rosty\source\repos\Lab3.3A\Lab3.3A\Oper.cpp(12,6): message : может быть "setB" в базе "Rational"
C:\Users\rosty\source\repos\Lab3.3A\Lab3.3A\Oper.cpp(12,6): message : или может быть "setB" в базе "RationalCl"
C:\Users\rosty\source\repos\Lab3.3A\Lab3.3A\Oper.cpp(16,16): error C2385: неоднозначный уровень доступа "getA"
C:\Users\rosty\source\repos\Lab3.3A\Lab3.3A\Oper.cpp(16,16): message : может быть "getA" в базе "Rational"
C:\Users\rosty\source\repos\Lab3.3A\Lab3.3A\Oper.cpp(16,16): message : или может быть "getA" в базе "RationalCl"
C:\Users\rosty\source\repos\Lab3.3A\Lab3.3A\Oper.cpp(17,16): error C2385: неоднозначный уровень доступа "getB"
C:\Users\rosty\source\repos\Lab3.3A\Lab3.3A\Oper.cpp(17,16): message : может быть "getB" в базе "Rational"
C:\Users\rosty\source\repos\Lab3.3A\Lab3.3A\Oper.cpp(17,16): message : или может быть "getB" в базе "RationalCl"
C:\Users\rosty\source\repos\Lab3.3A\Lab3.3A\Oper.cpp(18,6): error C2385: неоднозначный уровень доступа "setA"
C:\Users\rosty\source\repos\Lab3.3A\Lab3.3A\Oper.cpp(18,6): message : может быть "setA" в базе "Rational"
C:\Users\rosty\source\repos\Lab3.3A\Lab3.3A\Oper.cpp(18,6): message : или может быть "setA" в базе "RationalCl"
C:\Users\rosty\source\repos\Lab3.3A\Lab3.3A\Oper.cpp(19,6): error C2385: неоднозначный уровень доступа "setB"
C:\Users\rosty\source\repos\Lab3.3A\Lab3.3A\Oper.cpp(19,6): message : может быть "setB" в базе "Rational"
C:\Users\rosty\source\repos\Lab3.3A\Lab3.3A\Oper.cpp(19,6): message : или может быть "setB" в базе "RationalCl"
C:\Users\rosty\source\repos\Lab3.3A\Lab3.3A\Oper.cpp(28,15): warning C4244: =: преобразование "double" в "int", возможна потеря данных
C:\Users\rosty\source\repos\Lab3.3A\Lab3.3A\Oper.cpp(29,15): warning C4244: =: преобразование "double" в "int", возможна потеря данных
C:\Users\rosty\source\repos\Lab3.3A\Lab3.3A\Oper.cpp(30,8): error C2385: неоднозначный уровень доступа "setA"
C:\Users\rosty\source\repos\Lab3.3A\Lab3.3A\Oper.cpp(30,8): message : может быть "setA" в базе "Rational"
C:\Users\rosty\source\repos\Lab3.3A\Lab3.3A\Oper.cpp(30,8): message : или может быть "setA" в базе "RationalCl"
C:\Users\rosty\source\repos\Lab3.3A\Lab3.3A\Oper.cpp(31,8): error C2385: неоднозначный уровень доступа "setB"
C:\Users\rosty\source\repos\Lab3.3A\Lab3.3A\Oper.cpp(31,8): message : может быть "setB" в базе "Rational"
C:\Users\rosty\source\repos\Lab3.3A\Lab3.3A\Oper.cpp(31,8): message : или может быть "setB" в базе "RationalCl"
C:\Users\rosty\source\repos\Lab3.3A\Lab3.3A\Oper.cpp(46,13): warning C4553: "==": результат выражения не используется; вы хотели использовать "="?
C:\Users\rosty\source\repos\Lab3.3A\Lab3.3A\Oper.cpp(46,26): warning C4552: "!=": результат выражения не используется
C:\Users\rosty\source\repos\Lab3.3A\Lab3.3A\Oper.cpp(50,7): error C2385: неоднозначный уровень доступа "setA"
C:\Users\rosty\source\repos\Lab3.3A\Lab3.3A\Oper.cpp(50,7): message : может быть "setA" в базе "Rational"
C:\Users\rosty\source\repos\Lab3.3A\Lab3.3A\Oper.cpp(50,7): message : или может быть "setA" в базе "RationalCl"
C:\Users\rosty\source\repos\Lab3.3A\Lab3.3A\Oper.cpp(51,7): error C2385: неоднозначный уровень доступа "setB"
C:\Users\rosty\source\repos\Lab3.3A\Lab3.3A\Oper.cpp(51,7): message : может быть "setB" в базе "Rational"
C:\Users\rosty\source\repos\Lab3.3A\Lab3.3A\Oper.cpp(51,7): message : или может быть "setB" в базе "RationalCl"
C:\Users\rosty\source\repos\Lab3.3A\Lab3.3A\Oper.cpp(54,6): error C2385: неоднозначный уровень доступа "setA"
C:\Users\rosty\source\repos\Lab3.3A\Lab3.3A\Oper.cpp(54,6): message : может быть "setA" в базе "Rational"
C:\Users\rosty\source\repos\Lab3.3A\Lab3.3A\Oper.cpp(54,6): message : или может быть "setA" в базе "RationalCl"
C:\Users\rosty\source\repos\Lab3.3A\Lab3.3A\Oper.cpp(55,6): error C2385: неоднозначный уровень доступа "setB"
C:\Users\rosty\source\repos\Lab3.3A\Lab3.3A\Oper.cpp(55,6): message : может быть "setB" в базе "Rational"
C:\Users\rosty\source\repos\Lab3.3A\Lab3.3A\Oper.cpp(55,6): message : или может быть "setB" в базе "RationalCl"
C:\Users\rosty\source\repos\Lab3.3A\Lab3.3A\Oper.cpp(66,16): error C2385: неоднозначный уровень доступа "getA"
C:\Users\rosty\source\repos\Lab3.3A\Lab3.3A\Oper.cpp(66,16): message : может быть "getA" в базе "Rational"
C:\Users\rosty\source\repos\Lab3.3A\Lab3.3A\Oper.cpp(66,16): message : или может быть "getA" в базе "RationalCl"
C:\Users\rosty\source\repos\Lab3.3A\Lab3.3A\Oper.cpp(66,27): error C2385: неоднозначный уровень доступа "getB"
C:\Users\rosty\source\repos\Lab3.3A\Lab3.3A\Oper.cpp(66,27): message : может быть "getB" в базе "Rational"
C:\Users\rosty\source\repos\Lab3.3A\Lab3.3A\Oper.cpp(66,27): message : или может быть "getB" в базе "RationalCl"
C:\Users\rosty\source\repos\Lab3.3A\Lab3.3A\Oper.cpp(66,38): error C2385: неоднозначный уровень доступа "getA"
C:\Users\rosty\source\repos\Lab3.3A\Lab3.3A\Oper.cpp(66,38): message : может быть "getA" в базе "Rational"
C:\Users\rosty\source\repos\Lab3.3A\Lab3.3A\Oper.cpp(66,38): message : или может быть "getA" в базе "RationalCl"
C:\Users\rosty\source\repos\Lab3.3A\Lab3.3A\Oper.cpp(66,49): error C2385: неоднозначный уровень доступа "getB"
C:\Users\rosty\source\repos\Lab3.3A\Lab3.3A\Oper.cpp(66,49): message : может быть "getB" в базе "Rational"
C:\Users\rosty\source\repos\Lab3.3A\Lab3.3A\Oper.cpp(66,49): message : или может быть "getB" в базе "RationalCl"
C:\Users\rosty\source\repos\Lab3.3A\Lab3.3A\Oper.cpp(67,16): error C2385: неоднозначный уровень доступа "getB"
C:\Users\rosty\source\repos\Lab3.3A\Lab3.3A\Oper.cpp(67,16): message : может быть "getB" в базе "Rational"
C:\Users\rosty\source\repos\Lab3.3A\Lab3.3A\Oper.cpp(67,16): message : или может быть "getB" в базе "RationalCl"
C:\Users\rosty\source\repos\Lab3.3A\Lab3.3A\Oper.cpp(67,27): error C2385: неоднозначный уровень доступа "getB"
C:\Users\rosty\source\repos\Lab3.3A\Lab3.3A\Oper.cpp(67,27): message : может быть "getB" в базе "Rational"
C:\Users\rosty\source\repos\Lab3.3A\Lab3.3A\Oper.cpp(67,27): message : или может быть "getB" в базе "RationalCl"
C:\Users\rosty\source\repos\Lab3.3A\Lab3.3A\Oper.cpp(74,16): error C2385: неоднозначный уровень доступа "getA"
C:\Users\rosty\source\repos\Lab3.3A\Lab3.3A\Oper.cpp(74,16): message : может быть "getA" в базе "Rational"
C:\Users\rosty\source\repos\Lab3.3A\Lab3.3A\Oper.cpp(74,16): message : или может быть "getA" в базе "RationalCl"
C:\Users\rosty\source\repos\Lab3.3A\Lab3.3A\Oper.cpp(74,27): error C2385: неоднозначный уровень доступа "getB"
C:\Users\rosty\source\repos\Lab3.3A\Lab3.3A\Oper.cpp(74,27): message : может быть "getB" в базе "Rational"
C:\Users\rosty\source\repos\Lab3.3A\Lab3.3A\Oper.cpp(74,27): message : или может быть "getB" в базе "RationalCl"
C:\Users\rosty\source\repos\Lab3.3A\Lab3.3A\Oper.cpp(74,38): error C2385: неоднозначный уровень доступа "getA"
C:\Users\rosty\source\repos\Lab3.3A\Lab3.3A\Oper.cpp(74,38): message : может быть "getA" в базе "Rational"
C:\Users\rosty\source\repos\Lab3.3A\Lab3.3A\Oper.cpp(74,38): message : или может быть "getA" в базе "RationalCl"
C:\Users\rosty\source\repos\Lab3.3A\Lab3.3A\Oper.cpp(74,49): error C2385: неоднозначный уровень доступа "getB"
C:\Users\rosty\source\repos\Lab3.3A\Lab3.3A\Oper.cpp(74,49): message : может быть "getB" в базе "Rational"
C:\Users\rosty\source\repos\Lab3.3A\Lab3.3A\Oper.cpp(74,49): message : или может быть "getB" в базе "RationalCl"
C:\Users\rosty\source\repos\Lab3.3A\Lab3.3A\Oper.cpp(75,16): error C2385: неоднозначный уровень доступа "getB"
C:\Users\rosty\source\repos\Lab3.3A\Lab3.3A\Oper.cpp(75,16): message : может быть "getB" в базе "Rational"
C:\Users\rosty\source\repos\Lab3.3A\Lab3.3A\Oper.cpp(75,16): message : или может быть "getB" в базе "RationalCl"
C:\Users\rosty\source\repos\Lab3.3A\Lab3.3A\Oper.cpp(75,27): error C2385: неоднозначный уровень доступа "getB"
C:\Users\rosty\source\repos\Lab3.3A\Lab3.3A\Oper.cpp(75,27): message : может быть "getB" в базе "Rational"
C:\Users\rosty\source\repos\Lab3.3A\Lab3.3A\Oper.cpp(75,27): message : или может быть "getB" в базе "RationalCl"
C:\Users\rosty\source\repos\Lab3.3A\Lab3.3A\Oper.cpp(82,16): error C2385: неоднозначный уровень доступа "getA"
C:\Users\rosty\source\repos\Lab3.3A\Lab3.3A\Oper.cpp(82,16): message : может быть "getA" в базе "Rational"
C:\Users\rosty\source\repos\Lab3.3A\Lab3.3A\Oper.cpp(82,16): message : или может быть "getA" в базе "RationalCl"
C:\Users\rosty\source\repos\Lab3.3A\Lab3.3A\Oper.cpp(82,27): error C2385: неоднозначный уровень доступа "getA"
C:\Users\rosty\source\repos\Lab3.3A\Lab3.3A\Oper.cpp(82,27): message : может быть "getA" в базе "Rational"
C:\Users\rosty\source\repos\Lab3.3A\Lab3.3A\Oper.cpp(82,27): message : или может быть "getA" в базе "RationalCl"
C:\Users\rosty\source\repos\Lab3.3A\Lab3.3A\Oper.cpp(83,16): error C2385: неоднозначный уровень доступа "getB"
C:\Users\rosty\source\repos\Lab3.3A\Lab3.3A\Oper.cpp(83,16): message : может быть "getB" в базе "Rational"
C:\Users\rosty\source\repos\Lab3.3A\Lab3.3A\Oper.cpp(83,16): message : или может быть "getB" в базе "RationalCl"
C:\Users\rosty\source\repos\Lab3.3A\Lab3.3A\Oper.cpp(83,27): error C2385: неоднозначный уровень доступа "getB"
C:\Users\rosty\source\repos\Lab3.3A\Lab3.3A\Oper.cpp(83,27): message : может быть "getB" в базе "Rational"
C:\Users\rosty\source\repos\Lab3.3A\Lab3.3A\Oper.cpp(83,27): message : или может быть "getB" в базе "RationalCl"
C:\Users\rosty\source\repos\Lab3.3A\Lab3.3A\Oper.cpp(91,13): error C2385: неоднозначный уровень доступа "getA"
C:\Users\rosty\source\repos\Lab3.3A\Lab3.3A\Oper.cpp(91,13): message : может быть "getA" в базе "Rational"
C:\Users\rosty\source\repos\Lab3.3A\Lab3.3A\Oper.cpp(91,13): message : или может быть "getA" в базе "RationalCl"
C:\Users\rosty\source\repos\Lab3.3A\Lab3.3A\Oper.cpp(91,32): error C2385: неоднозначный уровень доступа "getB"
C:\Users\rosty\source\repos\Lab3.3A\Lab3.3A\Oper.cpp(91,32): message : может быть "getB" в базе "Rational"
C:\Users\rosty\source\repos\Lab3.3A\Lab3.3A\Oper.cpp(91,32): message : или может быть "getB" в базе "RationalCl"
C:\Users\rosty\source\repos\Lab3.3A\Lab3.3A\Oper.cpp(112,8): error C2385: неоднозначный уровень доступа "setA"
C:\Users\rosty\source\repos\Lab3.3A\Lab3.3A\Oper.cpp(112,8): message : может быть "setA" в базе "Rational"
C:\Users\rosty\source\repos\Lab3.3A\Lab3.3A\Oper.cpp(112,8): message : или может быть "setA" в базе "RationalCl"
C:\Users\rosty\source\repos\Lab3.3A\Lab3.3A\Oper.cpp(113,8): error C2385: неоднозначный уровень доступа "setB"
C:\Users\rosty\source\repos\Lab3.3A\Lab3.3A\Oper.cpp(113,8): message : может быть "setB" в базе "Rational"
C:\Users\rosty\source\repos\Lab3.3A\Lab3.3A\Oper.cpp(113,8): message : или может быть "setB" в базе "RationalCl"
  Создание кода...
